d:\vsproject\cg-project\x64\release\assimp-vc143-mt.dll
d:\vsproject\cg-project\x64\release\zlib1.dll
d:\vsproject\cg-project\x64\release\minizip.dll
d:\vsproject\cg-project\x64\release\pugixml.dll
d:\vsproject\cg-project\x64\release\glfw3.dll
d:\vsproject\cg-project\cg-project\x64\release\vc143.pdb
d:\vsproject\cg-project\cg-project\x64\release\model.obj
d:\vsproject\cg-project\cg-project\x64\release\light.obj
d:\vsproject\cg-project\cg-project\x64\release\flame.obj
d:\vsproject\cg-project\cg-project\x64\release\cg-project.obj
d:\vsproject\cg-project\x64\release\cg-project.exe
d:\vsproject\cg-project\cg-project\x64\release\cg-project.ipdb
d:\vsproject\cg-project\x64\release\cg-project.pdb
d:\vsproject\cg-project\cg-project\x64\release\cg-project.iobj
d:\vsproject\cg-project\cg-project\x64\release\cg-project.tlog\cg-project.write.1u.tlog
d:\vsproject\cg-project\cg-project\x64\release\cg-project.tlog\cl.command.1.tlog
d:\vsproject\cg-project\cg-project\x64\release\cg-project.tlog\cl.items.tlog
d:\vsproject\cg-project\cg-project\x64\release\cg-project.tlog\cl.read.1.tlog
d:\vsproject\cg-project\cg-project\x64\release\cg-project.tlog\cl.write.1.tlog
d:\vsproject\cg-project\cg-project\x64\release\cg-project.tlog\link.command.1.tlog
d:\vsproject\cg-project\cg-project\x64\release\cg-project.tlog\link.read.1.tlog
d:\vsproject\cg-project\cg-project\x64\release\cg-project.tlog\link.write.1.tlog
