d:\vsproject\cg-project\x64\debug\glfw3.dll
d:\vsproject\cg-project\x64\debug\assimp-vc143-mtd.dll
d:\vsproject\cg-project\x64\debug\zlibd1.dll
d:\vsproject\cg-project\x64\debug\minizip.dll
d:\vsproject\cg-project\x64\debug\pugixml.dll
d:\vsproject\cg-project\cg-project\x64\debug\vc143.pdb
d:\vsproject\cg-project\cg-project\x64\debug\vc143.idb
d:\vsproject\cg-project\cg-project\x64\debug\light.obj
d:\vsproject\cg-project\cg-project\x64\debug\cg-project.obj
d:\vsproject\cg-project\cg-project\x64\debug\model.obj
d:\vsproject\cg-project\x64\debug\cg-project.exe
d:\vsproject\cg-project\cg-project\x64\debug\cg-project.ilk
d:\vsproject\cg-project\x64\debug\cg-project.pdb
d:\vsproject\cg-project\cg-project\x64\debug\cg-project.tlog\cg-project.write.1u.tlog
d:\vsproject\cg-project\cg-project\x64\debug\cg-project.tlog\cl.command.1.tlog
d:\vsproject\cg-project\cg-project\x64\debug\cg-project.tlog\cl.items.tlog
d:\vsproject\cg-project\cg-project\x64\debug\cg-project.tlog\cl.read.1.tlog
d:\vsproject\cg-project\cg-project\x64\debug\cg-project.tlog\cl.write.1.tlog
d:\vsproject\cg-project\cg-project\x64\debug\cg-project.tlog\link.command.1.tlog
d:\vsproject\cg-project\cg-project\x64\debug\cg-project.tlog\link.read.1.tlog
d:\vsproject\cg-project\cg-project\x64\debug\cg-project.tlog\link.write.1.tlog
